<?xml version="1.0" encoding="UTF-8"?>
<robot generator="Robot 7.4.1 (Python 3.13.12 on win32)" generated="2026-02-10T11:59:39.807715" rpa="false" schemaversion="5">
<suite id="s1" name="Loginjdd" source="C:\Users\Massinissa TAIBI\Desktop\robot framework\Tests\loginjdd.robot">
<test id="s1-t1" name="Login Test With JDD" line="15">
<kw name="Login To Saucedemo">
<kw name="Read Csv Skip Empty" owner="fct">
<msg time="2026-02-10T11:59:40.459361" level="INFO">${rows} = [{'*** Test Cases ***': 'Case1', 'username': 'standard_user', 'password': 'secret_sauce', 'result': 'ok'}, {'*** Test Cases ***': 'Case2', 'username': 'problem_user', 'password': 'secret_sauce', 'resu...</msg>
<var>${rows}</var>
<arg>jdd.csv</arg>
<doc>Lit un CSV et ignore les lignes où une colonne est vide.
Retourne une liste de dictionnaires (ou listes) pour Robot Framework.</doc>
<status status="PASS" start="2026-02-10T11:59:40.458870" elapsed="0.000549"/>
</kw>
<for flavor="IN">
<iter>
<kw name="Log" owner="BuiltIn">
<msg time="2026-02-10T11:59:40.460919" level="INFO">Username=standard_user | Password=secret_sauce | Expected=ok</msg>
<arg>Username=${row['username']} | Password=${row['password']} | Expected=${row['result']}</arg>
<doc>Logs the given message with the given level.</doc>
<status status="PASS" start="2026-02-10T11:59:40.459849" elapsed="0.001127"/>
</kw>
<kw name="Open Browser" owner="SeleniumLibrary">
<msg time="2026-02-10T11:59:40.461299" level="INFO">Opening browser 'firefox' to base url 'https://www.saucedemo.com/'.</msg>
<arg>${URL}</arg>
<arg>${BROWSER}</arg>
<doc>Opens a new browser instance to the optional ``url``.</doc>
<status status="PASS" start="2026-02-10T11:59:40.461109" elapsed="10.764016"/>
</kw>
<kw name="Input Text" owner="SeleniumLibrary">
<msg time="2026-02-10T11:59:51.225922" level="INFO">Typing text 'username' into text field 'id=user-name'.</msg>
<arg>id=user-name</arg>
<arg>${username}</arg>
<doc>Types the given ``text`` into the text field identified by ``locator``.</doc>
<status status="PASS" start="2026-02-10T11:59:51.225411" elapsed="0.293590"/>
</kw>
<kw name="Input Password" owner="SeleniumLibrary">
<msg time="2026-02-10T11:59:51.519716" level="INFO">Typing password into text field 'id=password'.</msg>
<msg time="2026-02-10T11:59:51.603275" level="INFO">Temporally setting log level to: NONE</msg>
<arg>id=password</arg>
<arg>${password}</arg>
<doc>Types the given password into the text field identified by ``locator``.</doc>
<status status="PASS" start="2026-02-10T11:59:51.519314" elapsed="0.170691"/>
</kw>
<kw name="Click Button" owner="SeleniumLibrary">
<msg time="2026-02-10T11:59:51.690568" level="INFO">Clicking button 'id=login-button'.</msg>
<arg>id=login-button</arg>
<doc>Clicks the button identified by ``locator``.</doc>
<status status="PASS" start="2026-02-10T11:59:51.690335" elapsed="0.181654"/>
</kw>
<if>
<branch type="IF" condition="'${result}' == 'ok'">
<kw name="Wait Until Location Contains" owner="SeleniumLibrary">
<arg>inventory.html</arg>
<arg>5s</arg>
<doc>Waits until the current URL contains ``expected``.</doc>
<status status="NOT RUN" start="2026-02-10T11:59:51.872583" elapsed="0.000052"/>
</kw>
<status status="NOT RUN" start="2026-02-10T11:59:51.872193" elapsed="0.000517"/>
</branch>
<branch type="ELSE">
<kw name="Wait Until Page Contains" owner="SeleniumLibrary">
<arg>Epic sadface</arg>
<arg>5s</arg>
<doc>Waits until ``text`` appears on the current page.</doc>
<status status="PASS" start="2026-02-10T11:59:51.872894" elapsed="0.037575"/>
</kw>
<status status="PASS" start="2026-02-10T11:59:51.872769" elapsed="0.037814"/>
</branch>
<status status="PASS" start="2026-02-10T11:59:51.872148" elapsed="0.038522"/>
</if>
<kw name="Close Browser" owner="SeleniumLibrary">
<doc>Closes the current browser.</doc>
<status status="PASS" start="2026-02-10T11:59:51.910838" elapsed="4.150337"/>
</kw>
<var name="${row}">{'*** Test Cases ***': 'Case1', 'username': 'standard_user', 'password': 'secret_sauce', 'result': 'ok'}</var>
<status status="PASS" start="2026-02-10T11:59:40.459744" elapsed="15.601606"/>
</iter>
<iter>
<kw name="Log" owner="BuiltIn">
<msg time="2026-02-10T11:59:56.064132" level="INFO">Username=problem_user | Password=secret_sauce | Expected=ok</msg>
<arg>Username=${row['username']} | Password=${row['password']} | Expected=${row['result']}</arg>
<doc>Logs the given message with the given level.</doc>
<status status="PASS" start="2026-02-10T11:59:56.061878" elapsed="0.002363"/>
</kw>
<kw name="Open Browser" owner="SeleniumLibrary">
<msg time="2026-02-10T11:59:56.065483" level="INFO">Opening browser 'firefox' to base url 'https://www.saucedemo.com/'.</msg>
<arg>${URL}</arg>
<arg>${BROWSER}</arg>
<doc>Opens a new browser instance to the optional ``url``.</doc>
<status status="PASS" start="2026-02-10T11:59:56.064715" elapsed="8.348001"/>
</kw>
<kw name="Input Text" owner="SeleniumLibrary">
<msg time="2026-02-10T12:00:04.413552" level="INFO">Typing text 'username' into text field 'id=user-name'.</msg>
<arg>id=user-name</arg>
<arg>${username}</arg>
<doc>Types the given ``text`` into the text field identified by ``locator``.</doc>
<status status="PASS" start="2026-02-10T12:00:04.412912" elapsed="0.105004"/>
</kw>
<kw name="Input Password" owner="SeleniumLibrary">
<msg time="2026-02-10T12:00:04.518839" level="INFO">Typing password into text field 'id=password'.</msg>
<msg time="2026-02-10T12:00:04.528606" level="INFO">Temporally setting log level to: NONE</msg>
<arg>id=password</arg>
<arg>${password}</arg>
<doc>Types the given password into the text field identified by ``locator``.</doc>
<status status="PASS" start="2026-02-10T12:00:04.518361" elapsed="0.049068"/>
</kw>
<kw name="Click Button" owner="SeleniumLibrary">
<msg time="2026-02-10T12:00:04.567913" level="INFO">Clicking button 'id=login-button'.</msg>
<arg>id=login-button</arg>
<doc>Clicks the button identified by ``locator``.</doc>
<status status="PASS" start="2026-02-10T12:00:04.567649" elapsed="0.120096"/>
</kw>
<if>
<branch type="IF" condition="'${result}' == 'ok'">
<kw name="Wait Until Location Contains" owner="SeleniumLibrary">
<arg>inventory.html</arg>
<arg>5s</arg>
<doc>Waits until the current URL contains ``expected``.</doc>
<status status="NOT RUN" start="2026-02-10T12:00:04.688335" elapsed="0.000057"/>
</kw>
<status status="NOT RUN" start="2026-02-10T12:00:04.687900" elapsed="0.000559"/>
</branch>
<branch type="ELSE">
<kw name="Wait Until Page Contains" owner="SeleniumLibrary">
<arg>Epic sadface</arg>
<arg>5s</arg>
<doc>Waits until ``text`` appears on the current page.</doc>
<status status="PASS" start="2026-02-10T12:00:04.688637" elapsed="0.009862"/>
</kw>
<status status="PASS" start="2026-02-10T12:00:04.688512" elapsed="0.010103"/>
</branch>
<status status="PASS" start="2026-02-10T12:00:04.687872" elapsed="0.010826"/>
</if>
<kw name="Close Browser" owner="SeleniumLibrary">
<doc>Closes the current browser.</doc>
<status status="PASS" start="2026-02-10T12:00:04.699017" elapsed="3.389022"/>
</kw>
<var name="${row}">{'*** Test Cases ***': 'Case2', 'username': 'problem_user', 'password': 'secret_sauce', 'result': 'ok'}</var>
<status status="PASS" start="2026-02-10T11:59:56.061705" elapsed="12.026462"/>
</iter>
<iter>
<kw name="Log" owner="BuiltIn">
<msg time="2026-02-10T12:00:08.090045" level="INFO">Username=performance_glitch_user | Password=secret_sauce | Expected=ok</msg>
<arg>Username=${row['username']} | Password=${row['password']} | Expected=${row['result']}</arg>
<doc>Logs the given message with the given level.</doc>
<status status="PASS" start="2026-02-10T12:00:08.088627" elapsed="0.001633"/>
</kw>
<kw name="Open Browser" owner="SeleniumLibrary">
<msg time="2026-02-10T12:00:08.090845" level="INFO">Opening browser 'firefox' to base url 'https://www.saucedemo.com/'.</msg>
<arg>${URL}</arg>
<arg>${BROWSER}</arg>
<doc>Opens a new browser instance to the optional ``url``.</doc>
<status status="PASS" start="2026-02-10T12:00:08.090529" elapsed="8.280282"/>
</kw>
<kw name="Input Text" owner="SeleniumLibrary">
<msg time="2026-02-10T12:00:16.372076" level="INFO">Typing text 'username' into text field 'id=user-name'.</msg>
<arg>id=user-name</arg>
<arg>${username}</arg>
<doc>Types the given ``text`` into the text field identified by ``locator``.</doc>
<status status="PASS" start="2026-02-10T12:00:16.371127" elapsed="0.100622"/>
</kw>
<kw name="Input Password" owner="SeleniumLibrary">
<msg time="2026-02-10T12:00:16.472649" level="INFO">Typing password into text field 'id=password'.</msg>
<msg time="2026-02-10T12:00:16.483830" level="INFO">Temporally setting log level to: NONE</msg>
<arg>id=password</arg>
<arg>${password}</arg>
<doc>Types the given password into the text field identified by ``locator``.</doc>
<status status="PASS" start="2026-02-10T12:00:16.472004" elapsed="0.050628"/>
</kw>
<kw name="Click Button" owner="SeleniumLibrary">
<msg time="2026-02-10T12:00:16.523304" level="INFO">Clicking button 'id=login-button'.</msg>
<arg>id=login-button</arg>
<doc>Clicks the button identified by ``locator``.</doc>
<status status="PASS" start="2026-02-10T12:00:16.523009" elapsed="0.092326"/>
</kw>
<if>
<branch type="IF" condition="'${result}' == 'ok'">
<kw name="Wait Until Location Contains" owner="SeleniumLibrary">
<arg>inventory.html</arg>
<arg>5s</arg>
<doc>Waits until the current URL contains ``expected``.</doc>
<status status="NOT RUN" start="2026-02-10T12:00:16.616160" elapsed="0.000104"/>
</kw>
<status status="NOT RUN" start="2026-02-10T12:00:16.615660" elapsed="0.000765"/>
</branch>
<branch type="ELSE">
<kw name="Wait Until Page Contains" owner="SeleniumLibrary">
<arg>Epic sadface</arg>
<arg>5s</arg>
<doc>Waits until ``text`` appears on the current page.</doc>
<status status="PASS" start="2026-02-10T12:00:16.616910" elapsed="0.006315"/>
</kw>
<status status="PASS" start="2026-02-10T12:00:16.616512" elapsed="0.006854"/>
</branch>
<status status="PASS" start="2026-02-10T12:00:16.615609" elapsed="0.007826"/>
</if>
<kw name="Close Browser" owner="SeleniumLibrary">
<doc>Closes the current browser.</doc>
<status status="PASS" start="2026-02-10T12:00:16.623595" elapsed="3.554377"/>
</kw>
<var name="${row}">{'*** Test Cases ***': 'Case3', 'username': 'performance_glitch_user', 'password': 'secret_sauce', 'result': 'ok'}</var>
<status status="PASS" start="2026-02-10T12:00:08.088466" elapsed="12.089694"/>
</iter>
<iter>
<kw name="Log" owner="BuiltIn">
<msg time="2026-02-10T12:00:20.183439" level="INFO">Username=locked_out_user | Password=secret_sauce | Expected=ko</msg>
<arg>Username=${row['username']} | Password=${row['password']} | Expected=${row['result']}</arg>
<doc>Logs the given message with the given level.</doc>
<status status="PASS" start="2026-02-10T12:00:20.178854" elapsed="0.004746"/>
</kw>
<kw name="Open Browser" owner="SeleniumLibrary">
<msg time="2026-02-10T12:00:20.184493" level="INFO">Opening browser 'firefox' to base url 'https://www.saucedemo.com/'.</msg>
<arg>${URL}</arg>
<arg>${BROWSER}</arg>
<doc>Opens a new browser instance to the optional ``url``.</doc>
<status status="PASS" start="2026-02-10T12:00:20.184002" elapsed="10.831253"/>
</kw>
<kw name="Input Text" owner="SeleniumLibrary">
<msg time="2026-02-10T12:00:31.016071" level="INFO">Typing text 'username' into text field 'id=user-name'.</msg>
<arg>id=user-name</arg>
<arg>${username}</arg>
<doc>Types the given ``text`` into the text field identified by ``locator``.</doc>
<status status="PASS" start="2026-02-10T12:00:31.015575" elapsed="0.613766"/>
</kw>
<kw name="Input Password" owner="SeleniumLibrary">
<msg time="2026-02-10T12:00:31.630113" level="INFO">Typing password into text field 'id=password'.</msg>
<msg time="2026-02-10T12:00:31.813310" level="INFO">Temporally setting log level to: NONE</msg>
<arg>id=password</arg>
<arg>${password}</arg>
<doc>Types the given password into the text field identified by ``locator``.</doc>
<status status="PASS" start="2026-02-10T12:00:31.629560" elapsed="0.365550"/>
</kw>
<kw name="Click Button" owner="SeleniumLibrary">
<msg time="2026-02-10T12:00:31.995845" level="INFO">Clicking button 'id=login-button'.</msg>
<arg>id=login-button</arg>
<doc>Clicks the button identified by ``locator``.</doc>
<status status="PASS" start="2026-02-10T12:00:31.995519" elapsed="0.313440"/>
</kw>
<if>
<branch type="IF" condition="'${result}' == 'ok'">
<kw name="Wait Until Location Contains" owner="SeleniumLibrary">
<arg>inventory.html</arg>
<arg>5s</arg>
<doc>Waits until the current URL contains ``expected``.</doc>
<status status="NOT RUN" start="2026-02-10T12:00:32.309394" elapsed="0.000032"/>
</kw>
<status status="NOT RUN" start="2026-02-10T12:00:32.309102" elapsed="0.000365"/>
</branch>
<branch type="ELSE">
<kw name="Wait Until Page Contains" owner="SeleniumLibrary">
<arg>Epic sadface</arg>
<arg>5s</arg>
<doc>Waits until ``text`` appears on the current page.</doc>
<status status="PASS" start="2026-02-10T12:00:32.309592" elapsed="0.063979"/>
</kw>
<status status="PASS" start="2026-02-10T12:00:32.309505" elapsed="0.064159"/>
</branch>
<status status="PASS" start="2026-02-10T12:00:32.309076" elapsed="0.064634"/>
</if>
<kw name="Close Browser" owner="SeleniumLibrary">
<doc>Closes the current browser.</doc>
<status status="PASS" start="2026-02-10T12:00:32.373824" elapsed="4.283963"/>
</kw>
<var name="${row}">{'*** Test Cases ***': 'Case4', 'username': 'locked_out_user', 'password': 'secret_sauce', 'result': 'ko'}</var>
<status status="PASS" start="2026-02-10T12:00:20.178598" elapsed="16.479318"/>
</iter>
<iter>
<kw name="Log" owner="BuiltIn">
<msg time="2026-02-10T12:00:36.660181" level="INFO">Username=syzdy | Password=secret_sauce | Expected=ko</msg>
<arg>Username=${row['username']} | Password=${row['password']} | Expected=${row['result']}</arg>
<doc>Logs the given message with the given level.</doc>
<status status="PASS" start="2026-02-10T12:00:36.658356" elapsed="0.001929"/>
</kw>
<kw name="Open Browser" owner="SeleniumLibrary">
<msg time="2026-02-10T12:00:36.660847" level="INFO">Opening browser 'firefox' to base url 'https://www.saucedemo.com/'.</msg>
<msg time="2026-02-10T12:00:39.924251" level="INFO">Cannot capture screenshot because no browser is open.</msg>
<arg>${URL}</arg>
<arg>${BROWSER}</arg>
<doc>Opens a new browser instance to the optional ``url``.</doc>
<status status="FAIL" start="2026-02-10T12:00:36.660550" elapsed="3.263916">Execution terminated by signal</status>
</kw>
<kw name="Input Text" owner="SeleniumLibrary">
<arg>id=user-name</arg>
<arg>${username}</arg>
<doc>Types the given ``text`` into the text field identified by ``locator``.</doc>
<status status="NOT RUN" start="2026-02-10T12:00:39.924912" elapsed="0.000090"/>
</kw>
<kw name="Input Password" owner="SeleniumLibrary">
<arg>id=password</arg>
<arg>${password}</arg>
<doc>Types the given password into the text field identified by ``locator``.</doc>
<status status="NOT RUN" start="2026-02-10T12:00:39.925249" elapsed="0.000055"/>
</kw>
<kw name="Click Button" owner="SeleniumLibrary">
<arg>id=login-button</arg>
<doc>Clicks the button identified by ``locator``.</doc>
<status status="NOT RUN" start="2026-02-10T12:00:39.925490" elapsed="0.000053"/>
</kw>
<if>
<branch type="IF" condition="'${result}' == 'ok'">
<kw name="Wait Until Location Contains" owner="SeleniumLibrary">
<arg>inventory.html</arg>
<arg>5s</arg>
<doc>Waits until the current URL contains ``expected``.</doc>
<status status="NOT RUN" start="2026-02-10T12:00:39.925929" elapsed="0.000051"/>
</kw>
<status status="NOT RUN" start="2026-02-10T12:00:39.925716" elapsed="0.000344"/>
</branch>
<branch type="ELSE">
<kw name="Wait Until Page Contains" owner="SeleniumLibrary">
<arg>Epic sadface</arg>
<arg>5s</arg>
<doc>Waits until ``text`` appears on the current page.</doc>
<status status="NOT RUN" start="2026-02-10T12:00:39.926396" elapsed="0.000050"/>
</kw>
<status status="NOT RUN" start="2026-02-10T12:00:39.926139" elapsed="0.000421"/>
</branch>
<status status="NOT RUN" start="2026-02-10T12:00:39.925670" elapsed="0.000953"/>
</if>
<kw name="Close Browser" owner="SeleniumLibrary">
<doc>Closes the current browser.</doc>
<status status="NOT RUN" start="2026-02-10T12:00:39.926758" elapsed="0.000354"/>
</kw>
<var name="${row}">{'*** Test Cases ***': 'Case5', 'username': 'syzdy', 'password': 'secret_sauce', 'result': 'ko'}</var>
<status status="FAIL" start="2026-02-10T12:00:36.658207" elapsed="3.269085">Execution terminated by signal</status>
</iter>
<var>${row}</var>
<value>@{rows}</value>
<status status="FAIL" start="2026-02-10T11:59:40.459521" elapsed="59.467941">Execution terminated by signal</status>
</for>
<arg>${username}</arg>
<arg>${password}</arg>
<arg>${result}</arg>
<status status="FAIL" start="2026-02-10T11:59:40.458145" elapsed="59.469585">Execution terminated by signal</status>
</kw>
<status status="FAIL" start="2026-02-10T11:59:40.456322" elapsed="59.472162">Execution terminated by signal</status>
</test>
<status status="FAIL" start="2026-02-10T11:59:39.817700" elapsed="60.120620"/>
</suite>
<statistics>
<total>
<stat pass="0" fail="1" skip="0">All Tests</stat>
</total>
<tag>
</tag>
<suite>
<stat name="Loginjdd" id="s1" pass="0" fail="1" skip="0">Loginjdd</stat>
</suite>
</statistics>
<errors>
<msg time="2026-02-10T11:59:40.445624" level="ERROR">[ DataDriver ] Error in robot file:
  File "C:\Users\Massinissa TAIBI\Desktop\robot framework\Tests\loginjdd.robot", line 0</msg>
<msg time="2026-02-10T11:59:40.446107" level="ERROR">In source file:
  File "jdd.csv", line 5</msg>
<msg time="2026-02-10T11:59:40.455564" level="ERROR">Calling method '_start_suite' of listener 'DataDriver' failed: IndexError: list index out of range</msg>
</errors>
</robot>
